2026-04-14 09:42:12,503 - sign_language - INFO - [realtime]📸 Image capture system initialized[/realtime]
2026-04-14 09:42:12,506 - sign_language - INFO - [success]✅ Camera 0 connected successfully[/success]
2026-04-14 09:42:12,509 - sign_language - INFO - [info]Output directory: ./data/test[/info]
2026-04-14 09:42:43,558 - sign_language - INFO - [success]✅ Completed hello: 30/30 images captured[/success]
2026-04-14 09:42:45,612 - sign_language - WARNING - [warning]Quit key pressed - stopping capture[/warning]
2026-04-14 09:42:47,643 - sign_language - WARNING - [warning]Quit key pressed - stopping capture[/warning]
2026-04-14 09:42:49,682 - sign_language - WARNING - [warning]Quit key pressed - stopping capture[/warning]
2026-04-14 10:05:57,071 - sign_language - INFO - [realtime]📸 Image capture system initialized[/realtime]
2026-04-14 10:05:57,075 - sign_language - INFO - [success]✅ Camera 0 connected successfully[/success]
2026-04-14 10:05:57,077 - sign_language - INFO - [info]Output directory: ./data/train[/info]
2026-04-14 10:06:33,632 - sign_language - INFO - [realtime]📸 Image capture system initialized[/realtime]
2026-04-14 10:06:33,635 - sign_language - INFO - [success]✅ Camera 0 connected successfully[/success]
2026-04-14 10:06:33,636 - sign_language - INFO - [info]Output directory: ./data/train[/info]
2026-04-14 10:07:04,708 - sign_language - INFO - [success]✅ Completed hello: 30/30 images captured[/success]
2026-04-14 10:07:35,466 - sign_language - INFO - [success]✅ Completed iloveyou: 30/30 images captured[/success]
2026-04-14 10:08:06,207 - sign_language - INFO - [success]✅ Completed thankyou: 30/30 images captured[/success]
2026-04-14 10:08:06,631 - sign_language - INFO - [info]Camera released and windows closed[/info]
2026-04-14 10:09:07,543 - sign_language - INFO - [realtime]📸 Image capture system initialized[/realtime]
2026-04-14 10:09:07,545 - sign_language - INFO - [success]✅ Camera 0 connected successfully[/success]
2026-04-14 10:09:07,546 - sign_language - INFO - [info]Output directory: ./data/test[/info]
2026-04-14 10:09:13,023 - sign_language - INFO - [success]✅ Completed hello: 5/5 images captured[/success]
2026-04-14 10:09:18,162 - sign_language - INFO - [success]✅ Completed iloveyou: 5/5 images captured[/success]
2026-04-14 10:09:23,303 - sign_language - INFO - [success]✅ Completed thankyou: 5/5 images captured[/success]
2026-04-14 10:09:23,736 - sign_language - INFO - [info]Camera released and windows closed[/info]
2026-04-14 10:10:09,824 - sign_language - INFO - [realtime]📸 Image capture system initialized[/realtime]
2026-04-14 10:10:09,826 - sign_language - INFO - [success]✅ Camera 0 connected successfully[/success]
2026-04-14 10:10:09,827 - sign_language - INFO - [info]Output directory: ./data/test[/info]
2026-04-14 10:10:15,305 - sign_language - INFO - [success]✅ Completed hello: 5/5 images captured[/success]
2026-04-14 10:10:20,425 - sign_language - INFO - [success]✅ Completed iloveyou: 5/5 images captured[/success]
2026-04-14 10:10:25,547 - sign_language - INFO - [success]✅ Completed thankyou: 5/5 images captured[/success]
2026-04-14 10:10:25,974 - sign_language - INFO - [info]Camera released and windows closed[/info]
2026-04-14 10:17:14,352 - sign_language - INFO - [realtime]📸 Image capture system initialized[/realtime]
2026-04-14 10:17:14,355 - sign_language - INFO - [success]✅ Camera 0 connected successfully[/success]
2026-04-14 10:17:14,356 - sign_language - INFO - [info]Output directory: ./data/train[/info]
2026-04-14 10:17:51,464 - sign_language - INFO - [realtime]📸 Image capture system initialized[/realtime]
2026-04-14 10:17:51,469 - sign_language - INFO - [success]✅ Camera 0 connected successfully[/success]
2026-04-14 10:17:51,471 - sign_language - INFO - [info]Output directory: ./data/train[/info]
2026-04-14 10:18:24,678 - sign_language - INFO - [realtime]📸 Image capture system initialized[/realtime]
2026-04-14 10:18:24,682 - sign_language - INFO - [success]✅ Camera 0 connected successfully[/success]
2026-04-14 10:18:24,686 - sign_language - INFO - [info]Output directory: ./data/train[/info]
2026-04-14 10:18:55,912 - sign_language - INFO - [success]✅ Completed hello: 30/30 images captured[/success]
2026-04-14 10:19:26,725 - sign_language - INFO - [success]✅ Completed iloveyou: 30/30 images captured[/success]
2026-04-14 10:19:57,559 - sign_language - INFO - [success]✅ Completed thankyou: 30/30 images captured[/success]
2026-04-14 10:19:57,996 - sign_language - INFO - [info]Camera released and windows closed[/info]
2026-04-14 10:20:17,194 - sign_language - INFO - [realtime]📸 Image capture system initialized[/realtime]
2026-04-14 10:20:17,197 - sign_language - INFO - [success]✅ Camera 0 connected successfully[/success]
2026-04-14 10:20:17,198 - sign_language - INFO - [info]Output directory: ./data/test[/info]
2026-04-14 10:20:22,714 - sign_language - INFO - [success]✅ Completed hello: 5/5 images captured[/success]
2026-04-14 10:20:27,887 - sign_language - INFO - [success]✅ Completed iloveyou: 5/5 images captured[/success]
2026-04-14 10:20:33,029 - sign_language - INFO - [success]✅ Completed thankyou: 5/5 images captured[/success]
2026-04-14 10:20:33,478 - sign_language - INFO - [info]Camera released and windows closed[/info]
